{"numTotalTestSuites":50,"numPassedTestSuites":50,"numFailedTestSuites":0,"numPendingTestSuites":0,"numTotalTests":53,"numPassedTests":53,"numFailedTests":0,"numPendingTests":0,"numTodoTests":0,"snapshot":{"added":0,"failure":false,"filesAdded":0,"filesRemoved":0,"filesRemovedList":[],"filesUnmatched":0,"filesUpdated":0,"matched":0,"total":0,"unchecked":0,"uncheckedKeysByFile":[],"unmatched":0,"updated":0,"didUpdate":false},"startTime":1787749595814,"success":true,"testResults":[{"assertionResults":[{"ancestorTitles":["getDashboardKind"],"fullName":"getDashboardKind возвращает 'filial' для роли FILIAL","status":"passed","title":"возвращает 'filial' для роли FILIAL","duration":9.40691599999991,"failureMessages":[],"meta":{"vitestWorker":"5","allureRuntimeMessages":[{"type":"metadata","data":{"labels":[{"name":"Epic","value":""}]}},{"type":"metadata","data":{"labels":[{"name":"Feature","value":"Утилиты"}]}},{"type":"metadata","data":{"labels":[{"name":"layer","value":"Unit-front"}]}},{"type":"step_start","data":{"name":"expect(\"filial\").toBe(\"filial\")","start":1787749602914},"__allureVitestMatcher":true},{"type":"step_stop","data":{"status":"passed","stop":1787749602916},"__allureVitestMatcher":true}]},"tags":[]},{"ancestorTitles":["getDashboardKind"],"fullName":"getDashboardKind возвращает 'cfo' для роли CFO","status":"passed","title":"возвращает 'cfo' для роли CFO","duration":1.256402999999409,"failureMessages":[],"meta":{"vitestWorker":"5","allureRuntimeMessages":[{"type":"metadata","data":{"labels":[{"name":"Epic","value":""}]}},{"type":"metadata","data":{"labels":[{"name":"Feature","value":"Утилиты"}]}},{"type":"metadata","data":{"labels":[{"name":"layer","value":"Unit-front"}]}},{"type":"step_start","data":{"name":"expect(\"cfo\").toBe(\"cfo\")","start":1787749602918},"__allureVitestMatcher":true},{"type":"step_stop","data":{"status":"passed","stop":1787749602918},"__allureVitestMatcher":true}]},"tags":[]},{"ancestorTitles":["getDashboardKind"],"fullName":"getDashboardKind возвращает 'dtoe' для роли DTOE","status":"passed","title":"возвращает 'dtoe' для роли DTOE","duration":1.7901279999996405,"failureMessages":[],"meta":{"vitestWorker":"5","allureRuntimeMessages":[{"type":"metadata","data":{"labels":[{"name":"Epic","value":""}]}},{"type":"metadata","data":{"labels":[{"name":"Feature","value":"Утилиты"}]}},{"type":"metadata","data":{"labels":[{"name":"layer","value":"Unit-front"}]}},{"type":"step_start","data":{"name":"expect(\"dtoe\").toBe(\"dtoe\")","start":1787749602920},"__allureVitestMatcher":true},{"type":"step_stop","data":{"status":"passed","stop":1787749602920},"__allureVitestMatcher":true}]},"tags":[]},{"ancestorTitles":["getDashboardKind"],"fullName":"getDashboardKind возвращает undefined для роли без назначенного дашборда (ADMIN)","status":"passed","title":"возвращает undefined для роли без назначенного дашборда (ADMIN)","duration":0.9993560000002617,"failureMessages":[],"meta":{"vitestWorker":"5","allureRuntimeMessages":[{"type":"metadata","data":{"labels":[{"name":"Epic","value":""}]}},{"type":"metadata","data":{"labels":[{"name":"Feature","value":"Утилиты"}]}},{"type":"metadata","data":{"labels":[{"name":"layer","value":"Unit-front"}]}},{"type":"step_start","data":{"name":"expect(undefined).toBeUndefined()","start":1787749602921},"__allureVitestMatcher":true},{"type":"step_stop","data":{"status":"passed","stop":1787749602921},"__allureVitestMatcher":true}]},"tags":[]}],"startTime":1787749602907,"endTime":1787749602920.9993,"status":"passed","message":"","name":"/app/src/utils/get-dashboard-kind.unit.test.ts"},{"assertionResults":[{"ancestorTitles":["getInitials"],"fullName":"getInitials возвращает пустую строку для пустого ФИО","status":"passed","title":"возвращает пустую строку для пустого ФИО","duration":8.2926980000002,"failureMessages":[],"meta":{"vitestWorker":"4","allureRuntimeMessages":[{"type":"metadata","data":{"labels":[{"name":"Epic","value":""}]}},{"type":"metadata","data":{"labels":[{"name":"Feature","value":"Утилиты"}]}},{"type":"metadata","data":{"labels":[{"name":"layer","value":"Unit-front"}]}},{"type":"step_start","data":{"name":"expect(\"\").toBe(\"\")","start":1787749602658},"__allureVitestMatcher":true},{"type":"step_stop","data":{"status":"passed","stop":1787749602659},"__allureVitestMatcher":true}]},"tags":[]},{"ancestorTitles":["getInitials"],"fullName":"getInitials возвращает первую букву для одного слова","status":"passed","title":"возвращает первую букву для одного слова","duration":1.8491750000002867,"failureMessages":[],"meta":{"vitestWorker":"4","allureRuntimeMessages":[{"type":"metadata","data":{"labels":[{"name":"Epic","value":""}]}},{"type":"metadata","data":{"labels":[{"name":"Feature","value":"Утилиты"}]}},{"type":"metadata","data":{"labels":[{"name":"layer","value":"Unit-front"}]}},{"type":"step_start","data":{"name":"expect(\"И\").toBe(\"И\")","start":1787749602663},"__allureVitestMatcher":true},{"type":"step_stop","data":{"status":"passed","stop":1787749602663},"__allureVitestMatcher":true}]},"tags":[]},{"ancestorTitles":["getInitials"],"fullName":"getInitials возвращает первые буквы двух слов для полного ФИО","status":"passed","title":"возвращает первые буквы двух слов для полного ФИО","duration":0.8961530000005951,"failureMessages":[],"meta":{"vitestWorker":"4","allureRuntimeMessages":[{"type":"metadata","data":{"labels":[{"name":"Epic","value":""}]}},{"type":"metadata","data":{"labels":[{"name":"Feature","value":"Утилиты"}]}},{"type":"metadata","data":{"labels":[{"name":"layer","value":"Unit-front"}]}},{"type":"step_start","data":{"name":"expect(\"ИИ\").toBe(\"ИИ\")","start":1787749602664},"__allureVitestMatcher":true},{"type":"step_stop","data":{"status":"passed","stop":1787749602664},"__allureVitestMatcher":true}]},"tags":[]},{"ancestorTitles":["getInitials"],"fullName":"getInitials игнорирует лишние пробелы между словами","status":"passed","title":"игнорирует лишние пробелы между словами","duration":0.7231840000004013,"failureMessages":[],"meta":{"vitestWorker":"4","allureRuntimeMessages":[{"type":"metadata","data":{"labels":[{"name":"Epic","value":""}]}},{"type":"metadata","data":{"labels":[{"name":"Feature","value":"Утилиты"}]}},{"type":"metadata","data":{"labels":[{"name":"layer","value":"Unit-front"}]}},{"type":"step_start","data":{"name":"expect(\"ИИ\").toBe(\"ИИ\")","start":1787749602665},"__allureVitestMatcher":true},{"type":"step_stop","data":{"status":"passed","stop":1787749602665},"__allureVitestMatcher":true}]},"tags":[]}],"startTime":1787749602652,"endTime":1787749602664.7231,"status":"passed","message":"","name":"/app/src/utils/get-initials.unit.test.ts"},{"assertionResults":[{"ancestorTitles":["getHttpErrorStatus"],"fullName":"getHttpErrorStatus возвращает статус из cause","status":"passed","title":"возвращает статус из cause","duration":8.777221000000281,"failureMessages":[],"meta":{"vitestWorker":"2","allureRuntimeMessages":[{"type":"metadata","data":{"labels":[{"name":"Epic","value":""}]}},{"type":"metadata","data":{"labels":[{"name":"Feature","value":"Утилиты"}]}},{"type":"metadata","data":{"labels":[{"name":"layer","value":"Unit-front"}]}},{"type":"step_start","data":{"name":"expect(403).toBe(403)","start":1787749602656},"__allureVitestMatcher":true},{"type":"step_stop","data":{"status":"passed","stop":1787749602657},"__allureVitestMatcher":true}]},"tags":[]},{"ancestorTitles":["getHttpErrorStatus"],"fullName":"getHttpErrorStatus возвращает undefined для ошибки без cause","status":"passed","title":"возвращает undefined для ошибки без cause","duration":1.3617010000007213,"failureMessages":[],"meta":{"vitestWorker":"2","allureRuntimeMessages":[{"type":"metadata","data":{"labels":[{"name":"Epic","value":""}]}},{"type":"metadata","data":{"labels":[{"name":"Feature","value":"Утилиты"}]}},{"type":"metadata","data":{"labels":[{"name":"layer","value":"Unit-front"}]}},{"type":"step_start","data":{"name":"expect(undefined).toBeUndefined()","start":1787749602659},"__allureVitestMatcher":true},{"type":"step_stop","data":{"status":"passed","stop":1787749602659},"__allureVitestMatcher":true}]},"tags":[]},{"ancestorTitles":["getHttpErrorStatus"],"fullName":"getHttpErrorStatus возвращает undefined для значения, не являющегося Error","status":"passed","title":"возвращает undefined для значения, не являющегося Error","duration":0.8528750000004948,"failureMessages":[],"meta":{"vitestWorker":"2","allureRuntimeMessages":[{"type":"metadata","data":{"labels":[{"name":"Epic","value":""}]}},{"type":"metadata","data":{"labels":[{"name":"Feature","value":"Утилиты"}]}},{"type":"metadata","data":{"labels":[{"name":"layer","value":"Unit-front"}]}},{"type":"step_start","data":{"name":"expect(undefined).toBeUndefined()","start":1787749602660},"__allureVitestMatcher":true},{"type":"step_stop","data":{"status":"passed","stop":1787749602660},"__allureVitestMatcher":true}]},"tags":[]},{"ancestorTitles":["isHttpError"],"fullName":"isHttpError возвращает true при совпадении статуса","status":"passed","title":"возвращает true при совпадении статуса","duration":0.8436979999996765,"failureMessages":[],"meta":{"vitestWorker":"2","allureRuntimeMessages":[{"type":"metadata","data":{"labels":[{"name":"Epic","value":""}]}},{"type":"metadata","data":{"labels":[{"name":"Feature","value":"Утилиты"}]}},{"type":"metadata","data":{"labels":[{"name":"layer","value":"Unit-front"}]}},{"type":"step_start","data":{"name":"expect(true).toBe(true)","start":1787749602661},"__allureVitestMatcher":true},{"type":"step_stop","data":{"status":"passed","stop":1787749602661},"__allureVitestMatcher":true}]},"tags":[]},{"ancestorTitles":["isHttpError"],"fullName":"isHttpError возвращает false при несовпадении статуса","status":"passed","title":"возвращает false при несовпадении статуса","duration":0.7493150000000242,"failureMessages":[],"meta":{"vitestWorker":"2","allureRuntimeMessages":[{"type":"metadata","data":{"labels":[{"name":"Epic","value":""}]}},{"type":"metadata","data":{"labels":[{"name":"Feature","value":"Утилиты"}]}},{"type":"metadata","data":{"labels":[{"name":"layer","value":"Unit-front"}]}},{"type":"step_start","data":{"name":"expect(false).toBe(false)","start":1787749602662},"__allureVitestMatcher":true},{"type":"step_stop","data":{"status":"passed","stop":1787749602662},"__allureVitestMatcher":true}]},"tags":[]},{"ancestorTitles":["проверки конкретных статусов"],"fullName":"проверки конкретных статусов isUnauthorizedError реагирует только на 401","status":"passed","title":"isUnauthorizedError реагирует только на 401","duration":2.6908439999997427,"failureMessages":[],"meta":{"vitestWorker":"2","allureRuntimeMessages":[{"type":"metadata","data":{"labels":[{"name":"Epic","value":""}]}},{"type":"metadata","data":{"labels":[{"name":"Feature","value":"Утилиты"}]}},{"type":"metadata","data":{"labels":[{"name":"layer","value":"Unit-front"}]}},{"type":"step_start","data":{"name":"expect(true).toBe(true)","start":1787749602663},"__allureVitestMatcher":true},{"type":"step_stop","data":{"status":"passed","stop":1787749602663},"__allureVitestMatcher":true},{"type":"step_start","data":{"name":"expect(false).toBe(false)","start":1787749602663},"__allureVitestMatcher":true},{"type":"step_stop","data":{"status":"passed","stop":1787749602663},"__allureVitestMatcher":true}]},"tags":[]},{"ancestorTitles":["проверки конкретных статусов"],"fullName":"проверки конкретных статусов isForbiddenError реагирует только на 403","status":"passed","title":"isForbiddenError реагирует только на 403","duration":1.2574500000000626,"failureMessages":[],"meta":{"vitestWorker":"2","allureRuntimeMessages":[{"type":"metadata","data":{"labels":[{"name":"Epic","value":""}]}},{"type":"metadata","data":{"labels":[{"name":"Feature","value":"Утилиты"}]}},{"type":"metadata","data":{"labels":[{"name":"layer","value":"Unit-front"}]}},{"type":"step_start","data":{"name":"expect(true).toBe(true)","start":1787749602666},"__allureVitestMatcher":true},{"type":"step_stop","data":{"status":"passed","stop":1787749602666},"__allureVitestMatcher":true},{"type":"step_start","data":{"name":"expect(false).toBe(false)","start":1787749602666},"__allureVitestMatcher":true},{"type":"step_stop","data":{"status":"passed","stop":1787749602666},"__allureVitestMatcher":true}]},"tags":[]},{"ancestorTitles":["проверки конкретных статусов"],"fullName":"проверки конкретных статусов isNotFoundError реагирует только на 404","status":"passed","title":"isNotFoundError реагирует только на 404","duration":0.6747450000002573,"failureMessages":[],"meta":{"vitestWorker":"2","allureRuntimeMessages":[{"type":"metadata","data":{"labels":[{"name":"Epic","value":""}]}},{"type":"metadata","data":{"labels":[{"name":"Feature","value":"Утилиты"}]}},{"type":"metadata","data":{"labels":[{"name":"layer","value":"Unit-front"}]}},{"type":"step_start","data":{"name":"expect(true).toBe(true)","start":1787749602667},"__allureVitestMatcher":true},{"type":"step_stop","data":{"status":"passed","stop":1787749602667},"__allureVitestMatcher":true},{"type":"step_start","data":{"name":"expect(false).toBe(false)","start":1787749602667},"__allureVitestMatcher":true},{"type":"step_stop","data":{"status":"passed","stop":1787749602667},"__allureVitestMatcher":true}]},"tags":[]}],"startTime":1787749602649,"endTime":1787749602666.6748,"status":"passed","message":"","name":"/app/src/utils/http-error.unit.test.ts"},{"assertionResults":[{"ancestorTitles":["base API mock scenarios"],"fullName":"base API mock scenarios возвращает undefined для незамоканных путей","status":"passed","title":"возвращает undefined для незамоканных путей","duration":7.0373979999994845,"failureMessages":[],"meta":{"vitestWorker":"6","allureRuntimeMessages":[{"type":"metadata","data":{"labels":[{"name":"Epic","value":""}]}},{"type":"metadata","data":{"labels":[{"name":"Feature","value":"Моки API"}]}},{"type":"metadata","data":{"labels":[{"name":"layer","value":"Unit-front"}]}},{"type":"step_start","data":{"name":"expect(undefined).toBeUndefined()","start":1787749602640},"__allureVitestMatcher":true},{"type":"step_stop","data":{"status":"passed","stop":1787749602640},"__allureVitestMatcher":true}]},"tags":[]}],"startTime":1787749602634,"endTime":1787749602641.0374,"status":"passed","message":"","name":"/app/packages/api/base/mock-scenarios.unit.test.ts"},{"assertionResults":[{"ancestorTitles":["serializeSearchParams"],"fullName":"serializeSearchParams сериализует массивы повторяющимися query params","status":"passed","title":"сериализует массивы повторяющимися query params","duration":8.206731999999647,"failureMessages":[],"meta":{"vitestWorker":"7","allureRuntimeMessages":[{"type":"metadata","data":{"labels":[{"name":"Epic","value":""}]}},{"type":"metadata","data":{"labels":[{"name":"Feature","value":"API-клиент"}]}},{"type":"metadata","data":{"labels":[{"name":"layer","value":"Unit-front"}]}},{"type":"step_start","data":{"name":"expect(\"source=organic&source=region&direction_id=018f7cf5-0010-7db6-8df8-9c4c9d47a510&direction_id=018f7cf5-0010-7db6-8df8-9c4c9d47a511\").toBe(\"source=organic&source=region&direction_id=018f7cf5-0010-7db6-8df8-9c4c9d47a510&direction_id=018f7cf5-0010-7db6-8df8-9c4c9d47a511\")","start":1787749602652},"__allureVitestMatcher":true},{"type":"step_stop","data":{"status":"passed","stop":1787749602653},"__allureVitestMatcher":true}]},"tags":[]},{"ancestorTitles":["serializeSearchParams"],"fullName":"serializeSearchParams пропускает undefined и сериализует null строкой null","status":"passed","title":"пропускает undefined и сериализует null строкой null","duration":1.725828999999976,"failureMessages":[],"meta":{"vitestWorker":"7","allureRuntimeMessages":[{"type":"metadata","data":{"labels":[{"name":"Epic","value":""}]}},{"type":"metadata","data":{"labels":[{"name":"Feature","value":"API-клиент"}]}},{"type":"metadata","data":{"labels":[{"name":"layer","value":"Unit-front"}]}},{"type":"step_start","data":{"name":"expect(\"value=null\").toBe(\"value=null\")","start":1787749602656},"__allureVitestMatcher":true},{"type":"step_stop","data":{"status":"passed","stop":1787749602656},"__allureVitestMatcher":true}]},"tags":[]}],"startTime":1787749602646,"endTime":1787749602656.7258,"status":"passed","message":"","name":"/app/packages/api/base/search-params.unit.test.ts"},{"assertionResults":[{"ancestorTitles":["getCorrectionStatusLabel"],"fullName":"getCorrectionStatusLabel возвращает текст и тон для каждого статуса корректировки","status":"passed","title":"возвращает текст и тон для каждого статуса корректировки","duration":11.163675999999214,"failureMessages":[],"meta":{"vitestWorker":"3","allureRuntimeMessages":[{"type":"metadata","data":{"labels":[{"name":"Epic","value":""}]}},{"type":"metadata","data":{"labels":[{"name":"Feature","value":"Инфраструктура фронта"}]}},{"type":"metadata","data":{"labels":[{"name":"layer","value":"Unit-front"}]}},{"type":"step_start","data":{"name":"expect({\"text\":\"Черновик\",\"tone\":\"neutral\"}).toEqual({\"text\":\"Черновик\",\"tone\":\"neutral\"})","start":1787749602668},"__allureVitestMatcher":true},{"type":"step_stop","data":{"status":"passed","stop":1787749602669},"__allureVitestMatcher":true},{"type":"step_start","data":{"name":"expect({\"text\":\"Согласовано ДТОиР\",\"tone\":\"success\"}).toEqual({\"text\":\"Согласовано ДТОиР\",\"tone\":\"success\"})","start":1787749602670},"__allureVitestMatcher":true},{"type":"step_stop","data":{"status":"passed","stop":1787749602670},"__allureVitestMatcher":true},{"type":"step_start","data":{"name":"expect({\"text\":\"Возвращено ДТОиР\",\"tone\":\"danger\"}).toEqual({\"text\":\"Возвращено ДТОиР\",\"tone\":\"danger\"})","start":1787749602670},"__allureVitestMatcher":true},{"type":"step_stop","data":{"status":"passed","stop":1787749602670},"__allureVitestMatcher":true}]},"tags":[]},{"ancestorTitles":["getCfoStatusLabel"],"fullName":"getCfoStatusLabel возвращает текст и тон для каждого статуса ЦФО","status":"passed","title":"возвращает текст и тон для каждого статуса ЦФО","duration":1.704359999999724,"failureMessages":[],"meta":{"vitestWorker":"3","allureRuntimeMessages":[{"type":"metadata","data":{"labels":[{"name":"Epic","value":""}]}},{"type":"metadata","data":{"labels":[{"name":"Feature","value":"Инфраструктура фронта"}]}},{"type":"metadata","data":{"labels":[{"name":"layer","value":"Unit-front"}]}},{"type":"step_start","data":{"name":"expect({\"text\":\"Ожидает\",\"tone\":\"neutral\"}).toEqual({\"text\":\"Ожидает\",\"tone\":\"neutral\"})","start":1787749602673},"__allureVitestMatcher":true},{"type":"step_stop","data":{"status":"passed","stop":1787749602674},"__allureVitestMatcher":true},{"type":"step_start","data":{"name":"expect({\"text\":\"Согласовано\",\"tone\":\"success\"}).toEqual({\"text\":\"Согласовано\",\"tone\":\"success\"})","start":1787749602674},"__allureVitestMatcher":true},{"type":"step_stop","data":{"status":"passed","stop":1787749602674},"__allureVitestMatcher":true},{"type":"step_start","data":{"name":"expect({\"text\":\"Возвращено\",\"tone\":\"danger\"}).toEqual({\"text\":\"Возвращено\",\"tone\":\"danger\"})","start":1787749602674},"__allureVitestMatcher":true},{"type":"step_stop","data":{"status":"passed","stop":1787749602674},"__allureVitestMatcher":true}]},"tags":[]},{"ancestorTitles":["getRemarkStatusLabel"],"fullName":"getRemarkStatusLabel возвращает текст и тон для каждого статуса замечания","status":"passed","title":"возвращает текст и тон для каждого статуса замечания","duration":1.2324610000005123,"failureMessages":[],"meta":{"vitestWorker":"3","allureRuntimeMessages":[{"type":"metadata","data":{"labels":[{"name":"Epic","value":""}]}},{"type":"metadata","data":{"labels":[{"name":"Feature","value":"Инфраструктура фронта"}]}},{"type":"metadata","data":{"labels":[{"name":"layer","value":"Unit-front"}]}},{"type":"step_start","data":{"name":"expect({\"text\":\"Открыто\",\"tone\":\"danger\"}).toEqual({\"text\":\"Открыто\",\"tone\":\"danger\"})","start":1787749602675},"__allureVitestMatcher":true},{"type":"step_stop","data":{"status":"passed","stop":1787749602675},"__allureVitestMatcher":true},{"type":"step_start","data":{"name":"expect({\"text\":\"Исправлено филиалом\",\"tone\":\"warning\"}).toEqual({\"text\":\"Исправлено филиалом\",\"tone\":\"warning\"})","start":1787749602675},"__allureVitestMatcher":true},{"type":"step_stop","data":{"status":"passed","stop":1787749602675},"__allureVitestMatcher":true},{"type":"step_start","data":{"name":"expect({\"text\":\"Закрыто\",\"tone\":\"neutral\"}).toEqual({\"text\":\"Закрыто\",\"tone\":\"neutral\"})","start":1787749602675},"__allureVitestMatcher":true},{"type":"step_stop","data":{"status":"passed","stop":1787749602675},"__allureVitestMatcher":true}]},"tags":[]}],"startTime":1787749602660,"endTime":1787749602675.2324,"status":"passed","message":"","name":"/app/app/(private)/lib/status-labels.unit.test.ts"},{"assertionResults":[{"ancestorTitles":["canUploadSlotFile"],"fullName":"canUploadSlotFile разрешает загрузку филиалу-автору до финального согласования","status":"passed","title":"разрешает загрузку филиалу-автору до финального согласования","duration":8.449713999999403,"failureMessages":[],"meta":{"vitestWorker":"1","allureRuntimeMessages":[{"type":"metadata","data":{"labels":[{"name":"Epic","value":""}]}},{"type":"metadata","data":{"labels":[{"name":"Feature","value":"Инфраструктура фронта"}]}},{"type":"metadata","data":{"labels":[{"name":"layer","value":"Unit-front"}]}},{"type":"step_start","data":{"name":"expect(true).toBe(true)","start":1787749602668},"__allureVitestMatcher":true},{"type":"step_stop","data":{"status":"passed","stop":1787749602669},"__allureVitestMatcher":true}]},"tags":[]},{"ancestorTitles":["canUploadSlotFile"],"fullName":"canUploadSlotFile запрещает загрузку после APPROVED_BY_DTOE","status":"passed","title":"запрещает загрузку после APPROVED_BY_DTOE","duration":2.11891900000046,"failureMessages":[],"meta":{"vitestWorker":"1","allureRuntimeMessages":[{"type":"metadata","data":{"labels":[{"name":"Epic","value":""}]}},{"type":"metadata","data":{"labels":[{"name":"Feature","value":"Инфраструктура фронта"}]}},{"type":"metadata","data":{"labels":[{"name":"layer","value":"Unit-front"}]}},{"type":"step_start","data":{"name":"expect(false).toBe(false)","start":1787749602673},"__allureVitestMatcher":true},{"type":"step_stop","data":{"status":"passed","stop":1787749602673},"__allureVitestMatcher":true}]},"tags":[]},{"ancestorTitles":["canUploadSlotFile"],"fullName":"canUploadSlotFile запрещает загрузку не филиалу-автору","status":"passed","title":"запрещает загрузку не филиалу-автору","duration":1.1007449999997334,"failureMessages":[],"meta":{"vitestWorker":"1","allureRuntimeMessages":[{"type":"metadata","data":{"labels":[{"name":"Epic","value":""}]}},{"type":"metadata","data":{"labels":[{"name":"Feature","value":"Инфраструктура фронта"}]}},{"type":"metadata","data":{"labels":[{"name":"layer","value":"Unit-front"}]}},{"type":"step_start","data":{"name":"expect(false).toBe(false)","start":1787749602674},"__allureVitestMatcher":true},{"type":"step_stop","data":{"status":"passed","stop":1787749602674},"__allureVitestMatcher":true}]},"tags":[]},{"ancestorTitles":["canSendForReview"],"fullName":"canSendForReview разрешает направление, когда все обязательные слоты заполнены","status":"passed","title":"разрешает направление, когда все обязательные слоты заполнены","duration":0.9393620000000737,"failureMessages":[],"meta":{"vitestWorker":"1","allureRuntimeMessages":[{"type":"metadata","data":{"labels":[{"name":"Epic","value":""}]}},{"type":"metadata","data":{"labels":[{"name":"Feature","value":"Инфраструктура фронта"}]}},{"type":"metadata","data":{"labels":[{"name":"layer","value":"Unit-front"}]}},{"type":"step_start","data":{"name":"expect(true).toBe(true)","start":1787749602675},"__allureVitestMatcher":true},{"type":"step_stop","data":{"status":"passed","stop":1787749602676},"__allureVitestMatcher":true}]},"tags":[]},{"ancestorTitles":["canSendForReview"],"fullName":"canSendForReview запрещает направление при незаполненных обязательных слотах","status":"passed","title":"запрещает направление при незаполненных обязательных слотах","duration":1.1504070000000866,"failureMessages":[],"meta":{"vitestWorker":"1","allureRuntimeMessages":[{"type":"metadata","data":{"labels":[{"name":"Epic","value":""}]}},{"type":"metadata","data":{"labels":[{"name":"Feature","value":"Инфраструктура фронта"}]}},{"type":"metadata","data":{"labels":[{"name":"layer","value":"Unit-front"}]}},{"type":"step_start","data":{"name":"expect(false).toBe(false)","start":1787749602676},"__allureVitestMatcher":true},{"type":"step_stop","data":{"status":"passed","stop":1787749602677},"__allureVitestMatcher":true}]},"tags":[]},{"ancestorTitles":["canSendForReview"],"fullName":"canSendForReview запрещает направление не из статуса DRAFT","status":"passed","title":"запрещает направление не из статуса DRAFT","duration":1.0604249999996682,"failureMessages":[],"meta":{"vitestWorker":"1","allureRuntimeMessages":[{"type":"metadata","data":{"labels":[{"name":"Epic","value":""}]}},{"type":"metadata","data":{"labels":[{"name":"Feature","value":"Инфраструктура фронта"}]}},{"type":"metadata","data":{"labels":[{"name":"layer","value":"Unit-front"}]}},{"type":"step_start","data":{"name":"expect(false).toBe(false)","start":1787749602678},"__allureVitestMatcher":true},{"type":"step_stop","data":{"status":"passed","stop":1787749602678},"__allureVitestMatcher":true}]},"tags":[]},{"ancestorTitles":["canApproveAsCfo / canLeaveRemarkAsCfo"],"fullName":"canApproveAsCfo / canLeaveRemarkAsCfo разрешает согласование/оставление замечания, пока статус ЦФО PENDING","status":"passed","title":"разрешает согласование/оставление замечания, пока статус ЦФО PENDING","duration":1.579990999999609,"failureMessages":[],"meta":{"vitestWorker":"1","allureRuntimeMessages":[{"type":"metadata","data":{"labels":[{"name":"Epic","value":""}]}},{"type":"metadata","data":{"labels":[{"name":"Feature","value":"Инфраструктура фронта"}]}},{"type":"metadata","data":{"labels":[{"name":"layer","value":"Unit-front"}]}},{"type":"step_start","data":{"name":"expect(true).toBe(true)","start":1787749602679},"__allureVitestMatcher":true},{"type":"step_stop","data":{"status":"passed","stop":1787749602679},"__allureVitestMatcher":true},{"type":"step_start","data":{"name":"expect(true).toBe(true)","start":1787749602679},"__allureVitestMatcher":true},{"type":"step_stop","data":{"status":"passed","stop":1787749602680},"__allureVitestMatcher":true}]},"tags":[]},{"ancestorTitles":["canApproveAsCfo / canLeaveRemarkAsCfo"],"fullName":"canApproveAsCfo / canLeaveRemarkAsCfo запрещает повторное согласование, если статус ЦФО уже APPROVED","status":"passed","title":"запрещает повторное согласование, если статус ЦФО уже APPROVED","duration":0.7300880000002508,"failureMessages":[],"meta":{"vitestWorker":"1","allureRuntimeMessages":[{"type":"metadata","data":{"labels":[{"name":"Epic","value":""}]}},{"type":"metadata","data":{"labels":[{"name":"Feature","value":"Инфраструктура фронта"}]}},{"type":"metadata","data":{"labels":[{"name":"layer","value":"Unit-front"}]}},{"type":"step_start","data":{"name":"expect(false).toBe(false)","start":1787749602680},"__allureVitestMatcher":true},{"type":"step_stop","data":{"status":"passed","stop":1787749602680},"__allureVitestMatcher":true}]},"tags":[]},{"ancestorTitles":["canApproveAsCfo / canLeaveRemarkAsCfo"],"fullName":"canApproveAsCfo / canLeaveRemarkAsCfo запрещает оставление замечания, если статус ЦФО уже RETURNED","status":"passed","title":"запрещает оставление замечания, если статус ЦФО уже RETURNED","duration":1.0238939999999275,"failureMessages":[],"meta":{"vitestWorker":"1","allureRuntimeMessages":[{"type":"metadata","data":{"labels":[{"name":"Epic","value":""}]}},{"type":"metadata","data":{"labels":[{"name":"Feature","value":"Инфраструктура фронта"}]}},{"type":"metadata","data":{"labels":[{"name":"layer","value":"Unit-front"}]}},{"type":"step_start","data":{"name":"expect(false).toBe(false)","start":1787749602682},"__allureVitestMatcher":true},{"type":"step_stop","data":{"status":"passed","stop":1787749602682},"__allureVitestMatcher":true}]},"tags":[]},{"ancestorTitles":["canFinalizeReturnAsCfo"],"fullName":"canFinalizeReturnAsCfo запрещает финализировать возврат, пока не оставлено ни одного замечания","status":"passed","title":"запрещает финализировать возврат, пока не оставлено ни одного замечания","duration":0.9730570000001535,"failureMessages":[],"meta":{"vitestWorker":"1","allureRuntimeMessages":[{"type":"metadata","data":{"labels":[{"name":"Epic","value":""}]}},{"type":"metadata","data":{"labels":[{"name":"Feature","value":"Инфраструктура фронта"}]}},{"type":"metadata","data":{"labels":[{"name":"layer","value":"Unit-front"}]}},{"type":"step_start","data":{"name":"expect(false).toBe(false)","start":1787749602683},"__allureVitestMatcher":true},{"type":"step_stop","data":{"status":"passed","stop":1787749602683},"__allureVitestMatcher":true}]},"tags":[]},{"ancestorTitles":["canFinalizeReturnAsCfo"],"fullName":"canFinalizeReturnAsCfo разрешает финализировать возврат, когда этот ЦФО оставил открытое замечание","status":"passed","title":"разрешает финализировать возврат, когда этот ЦФО оставил открытое замечание","duration":1.5031810000000405,"failureMessages":[],"meta":{"vitestWorker":"1","allureRuntimeMessages":[{"type":"metadata","data":{"labels":[{"name":"Epic","value":""}]}},{"type":"metadata","data":{"labels":[{"name":"Feature","value":"Инфраструктура фронта"}]}},{"type":"metadata","data":{"labels":[{"name":"layer","value":"Unit-front"}]}},{"type":"step_start","data":{"name":"expect(true).toBe(true)","start":1787749602685},"__allureVitestMatcher":true},{"type":"step_stop","data":{"status":"passed","stop":1787749602685},"__allureVitestMatcher":true}]},"tags":[]},{"ancestorTitles":["canFinalizeReturnAsCfo"],"fullName":"canFinalizeReturnAsCfo игнорирует замечания других ЦФО","status":"passed","title":"игнорирует замечания других ЦФО","duration":0.8264970000000176,"failureMessages":[],"meta":{"vitestWorker":"1","allureRuntimeMessages":[{"type":"metadata","data":{"labels":[{"name":"Epic","value":""}]}},{"type":"metadata","data":{"labels":[{"name":"Feature","value":"Инфраструктура фронта"}]}},{"type":"metadata","data":{"labels":[{"name":"layer","value":"Unit-front"}]}},{"type":"step_start","data":{"name":"expect(false).toBe(false)","start":1787749602685},"__allureVitestMatcher":true},{"type":"step_stop","data":{"status":"passed","stop":1787749602686},"__allureVitestMatcher":true}]},"tags":[]},{"ancestorTitles":["canSendToDtoe"],"fullName":"canSendToDtoe разрешает направление в ДТОиР любому согласовавшему ЦФО, когда статус ALL_CFO_APPROVED","status":"passed","title":"разрешает направление в ДТОиР любому согласовавшему ЦФО, когда статус ALL_CFO_APPROVED","duration":0.5614380000006349,"failureMessages":[],"meta":{"vitestWorker":"1","allureRuntimeMessages":[{"type":"metadata","data":{"labels":[{"name":"Epic","value":""}]}},{"type":"metadata","data":{"labels":[{"name":"Feature","value":"Инфраструктура фронта"}]}},{"type":"metadata","data":{"labels":[{"name":"layer","value":"Unit-front"}]}},{"type":"step_start","data":{"name":"expect(true).toBe(true)","start":1787749602686},"__allureVitestMatcher":true},{"type":"step_stop","data":{"status":"passed","stop":1787749602686},"__allureVitestMatcher":true}]},"tags":[]},{"ancestorTitles":["canSendToDtoe"],"fullName":"canSendToDtoe запрещает направление в ДТОиР, пока не все обязательные ЦФО согласовали","status":"passed","title":"запрещает направление в ДТОиР, пока не все обязательные ЦФО согласовали","duration":0.5801099999998769,"failureMessages":[],"meta":{"vitestWorker":"1","allureRuntimeMessages":[{"type":"metadata","data":{"labels":[{"name":"Epic","value":""}]}},{"type":"metadata","data":{"labels":[{"name":"Feature","value":"Инфраструктура фронта"}]}},{"type":"metadata","data":{"labels":[{"name":"layer","value":"Unit-front"}]}},{"type":"step_start","data":{"name":"expect(false).toBe(false)","start":1787749602687},"__allureVitestMatcher":true},{"type":"step_stop","data":{"status":"passed","stop":1787749602687},"__allureVitestMatcher":true}]},"tags":[]},{"ancestorTitles":["canApproveAsDtoe / canLeaveRemarkAsDtoe"],"fullName":"canApproveAsDtoe / canLeaveRemarkAsDtoe разрешает финальное согласование/оставление замечания только в UNDER_DTOE_REVIEW","status":"passed","title":"разрешает финальное согласование/оставление замечания только в UNDER_DTOE_REVIEW","duration":0.4706820000001244,"failureMessages":[],"meta":{"vitestWorker":"1","allureRuntimeMessages":[{"type":"metadata","data":{"labels":[{"name":"Epic","value":""}]}},{"type":"metadata","data":{"labels":[{"name":"Feature","value":"Инфраструктура фронта"}]}},{"type":"metadata","data":{"labels":[{"name":"layer","value":"Unit-front"}]}},{"type":"step_start","data":{"name":"expect(true).toBe(true)","start":1787749602687},"__allureVitestMatcher":true},{"type":"step_stop","data":{"status":"passed","stop":1787749602687},"__allureVitestMatcher":true},{"type":"step_start","data":{"name":"expect(true).toBe(true)","start":1787749602687},"__allureVitestMatcher":true},{"type":"step_stop","data":{"status":"passed","stop":1787749602687},"__allureVitestMatcher":true}]},"tags":[]},{"ancestorTitles":["canApproveAsDtoe / canLeaveRemarkAsDtoe"],"fullName":"canApproveAsDtoe / canLeaveRemarkAsDtoe запрещает вне UNDER_DTOE_REVIEW","status":"passed","title":"запрещает вне UNDER_DTOE_REVIEW","duration":0.90740199999982,"failureMessages":[],"meta":{"vitestWorker":"1","allureRuntimeMessages":[{"type":"metadata","data":{"labels":[{"name":"Epic","value":""}]}},{"type":"metadata","data":{"labels":[{"name":"Feature","value":"Инфраструктура фронта"}]}},{"type":"metadata","data":{"labels":[{"name":"layer","value":"Unit-front"}]}},{"type":"step_start","data":{"name":"expect(false).toBe(false)","start":1787749602688},"__allureVitestMatcher":true},{"type":"step_stop","data":{"status":"passed","stop":1787749602688},"__allureVitestMatcher":true},{"type":"step_start","data":{"name":"expect(false).toBe(false)","start":1787749602688},"__allureVitestMatcher":true},{"type":"step_stop","data":{"status":"passed","stop":1787749602688},"__allureVitestMatcher":true}]},"tags":[]},{"ancestorTitles":["canFinalizeReturnAsDtoe"],"fullName":"canFinalizeReturnAsDtoe запрещает финализировать возврат, пока не оставлено ни одного замечания ДТОиР","status":"passed","title":"запрещает финализировать возврат, пока не оставлено ни одного замечания ДТОиР","duration":1.5158699999992677,"failureMessages":[],"meta":{"vitestWorker":"1","allureRuntimeMessages":[{"type":"metadata","data":{"labels":[{"name":"Epic","value":""}]}},{"type":"metadata","data":{"labels":[{"name":"Feature","value":"Инфраструктура фронта"}]}},{"type":"metadata","data":{"labels":[{"name":"layer","value":"Unit-front"}]}},{"type":"step_start","data":{"name":"expect(false).toBe(false)","start":1787749602690},"__allureVitestMatcher":true},{"type":"step_stop","data":{"status":"passed","stop":1787749602690},"__allureVitestMatcher":true}]},"tags":[]},{"ancestorTitles":["canFinalizeReturnAsDtoe"],"fullName":"canFinalizeReturnAsDtoe разрешает финализировать возврат, когда ДТОиР оставил открытое замечание","status":"passed","title":"разрешает финализировать возврат, когда ДТОиР оставил открытое замечание","duration":1.479935000000296,"failureMessages":[],"meta":{"vitestWorker":"1","allureRuntimeMessages":[{"type":"metadata","data":{"labels":[{"name":"Epic","value":""}]}},{"type":"metadata","data":{"labels":[{"name":"Feature","value":"Инфраструктура фронта"}]}},{"type":"metadata","data":{"labels":[{"name":"layer","value":"Unit-front"}]}},{"type":"step_start","data":{"name":"expect(true).toBe(true)","start":1787749602691},"__allureVitestMatcher":true},{"type":"step_stop","data":{"status":"passed","stop":1787749602691},"__allureVitestMatcher":true}]},"tags":[]},{"ancestorTitles":["canFinalizeReturnAsDtoe"],"fullName":"canFinalizeReturnAsDtoe игнорирует замечания от ЦФО (cfoId не null)","status":"passed","title":"игнорирует замечания от ЦФО (cfoId не null)","duration":0.589893999999731,"failureMessages":[],"meta":{"vitestWorker":"1","allureRuntimeMessages":[{"type":"metadata","data":{"labels":[{"name":"Epic","value":""}]}},{"type":"metadata","data":{"labels":[{"name":"Feature","value":"Инфраструктура фронта"}]}},{"type":"metadata","data":{"labels":[{"name":"layer","value":"Unit-front"}]}},{"type":"step_start","data":{"name":"expect(false).toBe(false)","start":1787749602692},"__allureVitestMatcher":true},{"type":"step_stop","data":{"status":"passed","stop":1787749602692},"__allureVitestMatcher":true}]},"tags":[]},{"ancestorTitles":["showResubmitPanel / canResubmit"],"fullName":"showResubmitPanel / canResubmit скрывает блок, если ни один ЦФО не возвращал пакет","status":"passed","title":"скрывает блок, если ни один ЦФО не возвращал пакет","duration":0.6392509999996037,"failureMessages":[],"meta":{"vitestWorker":"1","allureRuntimeMessages":[{"type":"metadata","data":{"labels":[{"name":"Epic","value":""}]}},{"type":"metadata","data":{"labels":[{"name":"Feature","value":"Инфраструктура фронта"}]}},{"type":"metadata","data":{"labels":[{"name":"layer","value":"Unit-front"}]}},{"type":"step_start","data":{"name":"expect(false).toBe(false)","start":1787749602693},"__allureVitestMatcher":true},{"type":"step_stop","data":{"status":"passed","stop":1787749602693},"__allureVitestMatcher":true}]},"tags":[]},{"ancestorTitles":["showResubmitPanel / canResubmit"],"fullName":"showResubmitPanel / canResubmit показывает блок, если есть вернувшие ЦФО","status":"passed","title":"показывает блок, если есть вернувшие ЦФО","duration":0.42293599999993603,"failureMessages":[],"meta":{"vitestWorker":"1","allureRuntimeMessages":[{"type":"metadata","data":{"labels":[{"name":"Epic","value":""}]}},{"type":"metadata","data":{"labels":[{"name":"Feature","value":"Инфраструктура фронта"}]}},{"type":"metadata","data":{"labels":[{"name":"layer","value":"Unit-front"}]}},{"type":"step_start","data":{"name":"expect(true).toBe(true)","start":1787749602693},"__allureVitestMatcher":true},{"type":"step_stop","data":{"status":"passed","stop":1787749602693},"__allureVitestMatcher":true}]},"tags":[]},{"ancestorTitles":["showResubmitPanel / canResubmit"],"fullName":"showResubmitPanel / canResubmit запрещает перенаправление без выбранного ЦФО","status":"passed","title":"запрещает перенаправление без выбранного ЦФО","duration":0.48533600000064325,"failureMessages":[],"meta":{"vitestWorker":"1","allureRuntimeMessages":[{"type":"metadata","data":{"labels":[{"name":"Epic","value":""}]}},{"type":"metadata","data":{"labels":[{"name":"Feature","value":"Инфраструктура фронта"}]}},{"type":"metadata","data":{"labels":[{"name":"layer","value":"Unit-front"}]}},{"type":"step_start","data":{"name":"expect(false).toBe(false)","start":1787749602694},"__allureVitestMatcher":true},{"type":"step_stop","data":{"status":"passed","stop":1787749602694},"__allureVitestMatcher":true}]},"tags":[]},{"ancestorTitles":["showResubmitPanel / canResubmit"],"fullName":"showResubmitPanel / canResubmit запрещает перенаправление, пока остались открытые замечания выбранного ЦФО","status":"passed","title":"запрещает перенаправление, пока остались открытые замечания выбранного ЦФО","duration":0.5367729999998119,"failureMessages":[],"meta":{"vitestWorker":"1","allureRuntimeMessages":[{"type":"metadata","data":{"labels":[{"name":"Epic","value":""}]}},{"type":"metadata","data":{"labels":[{"name":"Feature","value":"Инфраструктура фронта"}]}},{"type":"metadata","data":{"labels":[{"name":"layer","value":"Unit-front"}]}},{"type":"step_start","data":{"name":"expect(false).toBe(false)","start":1787749602694},"__allureVitestMatcher":true},{"type":"step_stop","data":{"status":"passed","stop":1787749602694},"__allureVitestMatcher":true}]},"tags":[]},{"ancestorTitles":["showResubmitPanel / canResubmit"],"fullName":"showResubmitPanel / canResubmit разрешает перенаправление, когда все замечания выбранного ЦФО исправлены","status":"passed","title":"разрешает перенаправление, когда все замечания выбранного ЦФО исправлены","duration":0.45954299999993964,"failureMessages":[],"meta":{"vitestWorker":"1","allureRuntimeMessages":[{"type":"metadata","data":{"labels":[{"name":"Epic","value":""}]}},{"type":"metadata","data":{"labels":[{"name":"Feature","value":"Инфраструктура фронта"}]}},{"type":"metadata","data":{"labels":[{"name":"layer","value":"Unit-front"}]}},{"type":"step_start","data":{"name":"expect(true).toBe(true)","start":1787749602695},"__allureVitestMatcher":true},{"type":"step_stop","data":{"status":"passed","stop":1787749602695},"__allureVitestMatcher":true}]},"tags":[]},{"ancestorTitles":["canResubmitToDtoe"],"fullName":"canResubmitToDtoe запрещает, пока остались открытые замечания ДТОиР","status":"passed","title":"запрещает, пока остались открытые замечания ДТОиР","duration":0.7717589999992924,"failureMessages":[],"meta":{"vitestWorker":"1","allureRuntimeMessages":[{"type":"metadata","data":{"labels":[{"name":"Epic","value":""}]}},{"type":"metadata","data":{"labels":[{"name":"Feature","value":"Инфраструктура фронта"}]}},{"type":"metadata","data":{"labels":[{"name":"layer","value":"Unit-front"}]}},{"type":"step_start","data":{"name":"expect(false).toBe(false)","start":1787749602696},"__allureVitestMatcher":true},{"type":"step_stop","data":{"status":"passed","stop":1787749602696},"__allureVitestMatcher":true}]},"tags":[]},{"ancestorTitles":["canResubmitToDtoe"],"fullName":"canResubmitToDtoe разрешает, когда все замечания ДТОиР исправлены","status":"passed","title":"разрешает, когда все замечания ДТОиР исправлены","duration":0.5155580000000555,"failureMessages":[],"meta":{"vitestWorker":"1","allureRuntimeMessages":[{"type":"metadata","data":{"labels":[{"name":"Epic","value":""}]}},{"type":"metadata","data":{"labels":[{"name":"Feature","value":"Инфраструктура фронта"}]}},{"type":"metadata","data":{"labels":[{"name":"layer","value":"Unit-front"}]}},{"type":"step_start","data":{"name":"expect(true).toBe(true)","start":1787749602696},"__allureVitestMatcher":true},{"type":"step_stop","data":{"status":"passed","stop":1787749602696},"__allureVitestMatcher":true}]},"tags":[]},{"ancestorTitles":["canMarkRemarkFixed"],"fullName":"canMarkRemarkFixed разрешает филиалу-автору отметить OPEN-замечание исправленным","status":"passed","title":"разрешает филиалу-автору отметить OPEN-замечание исправленным","duration":0.5792820000006031,"failureMessages":[],"meta":{"vitestWorker":"1","allureRuntimeMessages":[{"type":"metadata","data":{"labels":[{"name":"Epic","value":""}]}},{"type":"metadata","data":{"labels":[{"name":"Feature","value":"Инфраструктура фронта"}]}},{"type":"metadata","data":{"labels":[{"name":"layer","value":"Unit-front"}]}},{"type":"step_start","data":{"name":"expect(true).toBe(true)","start":1787749602697},"__allureVitestMatcher":true},{"type":"step_stop","data":{"status":"passed","stop":1787749602697},"__allureVitestMatcher":true}]},"tags":[]},{"ancestorTitles":["canMarkRemarkFixed"],"fullName":"canMarkRemarkFixed запрещает для замечания в статусе CLOSED","status":"passed","title":"запрещает для замечания в статусе CLOSED","duration":0.374072999999953,"failureMessages":[],"meta":{"vitestWorker":"1","allureRuntimeMessages":[{"type":"metadata","data":{"labels":[{"name":"Epic","value":""}]}},{"type":"metadata","data":{"labels":[{"name":"Feature","value":"Инфраструктура фронта"}]}},{"type":"metadata","data":{"labels":[{"name":"layer","value":"Unit-front"}]}},{"type":"step_start","data":{"name":"expect(false).toBe(false)","start":1787749602698},"__allureVitestMatcher":true},{"type":"step_stop","data":{"status":"passed","stop":1787749602698},"__allureVitestMatcher":true}]},"tags":[]},{"ancestorTitles":["canDeleteRemark"],"fullName":"canDeleteRemark разрешает автору удалить собственное открытое замечание","status":"passed","title":"разрешает автору удалить собственное открытое замечание","duration":0.4545060000000376,"failureMessages":[],"meta":{"vitestWorker":"1","allureRuntimeMessages":[{"type":"metadata","data":{"labels":[{"name":"Epic","value":""}]}},{"type":"metadata","data":{"labels":[{"name":"Feature","value":"Инфраструктура фронта"}]}},{"type":"metadata","data":{"labels":[{"name":"layer","value":"Unit-front"}]}},{"type":"step_start","data":{"name":"expect(true).toBe(true)","start":1787749602698},"__allureVitestMatcher":true},{"type":"step_stop","data":{"status":"passed","stop":1787749602698},"__allureVitestMatcher":true}]},"tags":[]},{"ancestorTitles":["canDeleteRemark"],"fullName":"canDeleteRemark запрещает удаление чужого замечания","status":"passed","title":"запрещает удаление чужого замечания","duration":0.3283180000007633,"failureMessages":[],"meta":{"vitestWorker":"1","allureRuntimeMessages":[{"type":"metadata","data":{"labels":[{"name":"Epic","value":""}]}},{"type":"metadata","data":{"labels":[{"name":"Feature","value":"Инфраструктура фронта"}]}},{"type":"metadata","data":{"labels":[{"name":"layer","value":"Unit-front"}]}},{"type":"step_start","data":{"name":"expect(false).toBe(false)","start":1787749602698},"__allureVitestMatcher":true},{"type":"step_stop","data":{"status":"passed","stop":1787749602698},"__allureVitestMatcher":true}]},"tags":[]},{"ancestorTitles":["canDeleteRemark"],"fullName":"canDeleteRemark запрещает удаление замечания не в статусе OPEN","status":"passed","title":"запрещает удаление замечания не в статусе OPEN","duration":0.7884909999993397,"failureMessages":[],"meta":{"vitestWorker":"1","allureRuntimeMessages":[{"type":"metadata","data":{"labels":[{"name":"Epic","value":""}]}},{"type":"metadata","data":{"labels":[{"name":"Feature","value":"Инфраструктура фронта"}]}},{"type":"metadata","data":{"labels":[{"name":"layer","value":"Unit-front"}]}},{"type":"step_start","data":{"name":"expect(false).toBe(false)","start":1787749602699},"__allureVitestMatcher":true},{"type":"step_stop","data":{"status":"passed","stop":1787749602699},"__allureVitestMatcher":true}]},"tags":[]}],"startTime":1787749602662,"endTime":1787749602699.7886,"status":"passed","message":"","name":"/app/app/(private)/corrections/[humanId]/lib/permissions.unit.test.ts"},{"assertionResults":[],"startTime":1787749595814,"endTime":1787749595814,"status":"passed","message":"","name":"/app/app/(private)/components/access-denied-screen.component.test.tsx"},{"assertionResults":[],"startTime":1787749595814,"endTime":1787749595814,"status":"passed","message":"","name":"/app/src/test/setup-browser.component.test.ts"},{"assertionResults":[],"startTime":1787749595814,"endTime":1787749595814,"status":"passed","message":"","name":"/app/app/(public)/components/login-form.component.test.tsx"},{"assertionResults":[],"startTime":1787749595814,"endTime":1787749595814,"status":"passed","message":"","name":"/app/src/components/sidebar-nav/sidebar-nav.component.test.tsx"},{"assertionResults":[],"startTime":1787749595814,"endTime":1787749595814,"status":"passed","message":"","name":"/app/src/components/error-boundary/error-boundary.component.test.tsx"},{"assertionResults":[],"startTime":1787749595814,"endTime":1787749595814,"status":"passed","message":"","name":"/app/src/components/notification-bell/notification-bell.component.test.tsx"},{"assertionResults":[],"startTime":1787749595814,"endTime":1787749595814,"status":"passed","message":"","name":"/app/src/components/ui/table/table.component.test.tsx"},{"assertionResults":[],"startTime":1787749595814,"endTime":1787749595814,"status":"passed","message":"","name":"/app/app/(private)/notifications/components/notifications-content.component.test.tsx"},{"assertionResults":[],"startTime":1787749595814,"endTime":1787749595814,"status":"passed","message":"","name":"/app/app/(private)/notifications/components/notifications-table.component.test.tsx"},{"assertionResults":[],"startTime":1787749595814,"endTime":1787749595814,"status":"passed","message":"","name":"/app/src/components/section-placeholder/section-placeholder.component.test.tsx"},{"assertionResults":[],"startTime":1787749595814,"endTime":1787749595814,"status":"passed","message":"","name":"/app/src/components/ui/dialog/dialog.component.test.tsx"},{"assertionResults":[],"startTime":1787749595814,"endTime":1787749595814,"status":"passed","message":"","name":"/app/src/components/ui/data-table/data-table.component.test.tsx"},{"assertionResults":[],"startTime":1787749595814,"endTime":1787749595814,"status":"passed","message":"","name":"/app/app/(private)/corrections/[humanId]/components/cfo-statuses.component.test.tsx"},{"assertionResults":[],"startTime":1787749595814,"endTime":1787749595814,"status":"passed","message":"","name":"/app/app/(private)/corrections/[humanId]/components/correction-detail-view.component.test.tsx"},{"assertionResults":[],"startTime":1787749595814,"endTime":1787749595814,"status":"passed","message":"","name":"/app/app/(private)/corrections/[humanId]/components/correction-header.component.test.tsx"},{"assertionResults":[],"startTime":1787749595814,"endTime":1787749595814,"status":"passed","message":"","name":"/app/app/(private)/corrections/[humanId]/components/history-log.component.test.tsx"},{"assertionResults":[],"startTime":1787749595814,"endTime":1787749595814,"status":"passed","message":"","name":"/app/app/(private)/corrections/[humanId]/components/package-completeness.component.test.tsx"},{"assertionResults":[],"startTime":1787749595814,"endTime":1787749595814,"status":"passed","message":"","name":"/app/app/(private)/corrections/[humanId]/components/resubmit-panel.component.test.tsx"},{"assertionResults":[],"startTime":1787749595814,"endTime":1787749595814,"status":"passed","message":"","name":"/app/app/(private)/corrections/[humanId]/components/return-remark-dialog.component.test.tsx"},{"assertionResults":[],"startTime":1787749595814,"endTime":1787749595814,"status":"passed","message":"","name":"/app/app/(private)/corrections/[humanId]/components/send-for-review-form.component.test.tsx"},{"assertionResults":[],"startTime":1787749595814,"endTime":1787749595814,"status":"passed","message":"","name":"/app/src/components/ui/badge/badge.component.test.tsx"},{"assertionResults":[],"startTime":1787749595814,"endTime":1787749595814,"status":"passed","message":"","name":"/app/app/(private)/corrections/[humanId]/components/remarks-list/remarks-list.component.test.tsx"}]}