<?xml version="1.0" encoding="UTF-8" ?>
<testsuites name="vitest tests" tests="53" failures="0" errors="0" time="0.162329558">
    <testsuite name="src/utils/get-dashboard-kind.unit.test.ts" timestamp="2026-08-26T13:06:43.549Z" hostname="279e15c1a819" tests="4" failures="0" errors="0" skipped="0" time="0.020564964">
        <testcase classname="src/utils/get-dashboard-kind.unit.test.ts" name="getDashboardKind &gt; возвращает &apos;filial&apos; для роли FILIAL" time="0.009406916">
        </testcase>
        <testcase classname="src/utils/get-dashboard-kind.unit.test.ts" name="getDashboardKind &gt; возвращает &apos;cfo&apos; для роли CFO" time="0.001256403">
        </testcase>
        <testcase classname="src/utils/get-dashboard-kind.unit.test.ts" name="getDashboardKind &gt; возвращает &apos;dtoe&apos; для роли DTOE" time="0.001790128">
        </testcase>
        <testcase classname="src/utils/get-dashboard-kind.unit.test.ts" name="getDashboardKind &gt; возвращает undefined для роли без назначенного дашборда (ADMIN)" time="0.000999356">
        </testcase>
    </testsuite>
    <testsuite name="src/utils/get-initials.unit.test.ts" timestamp="2026-08-26T13:06:43.574Z" hostname="279e15c1a819" tests="4" failures="0" errors="0" skipped="0" time="0.019295708">
        <testcase classname="src/utils/get-initials.unit.test.ts" name="getInitials &gt; возвращает пустую строку для пустого ФИО" time="0.008292698">
        </testcase>
        <testcase classname="src/utils/get-initials.unit.test.ts" name="getInitials &gt; возвращает первую букву для одного слова" time="0.001849175">
        </testcase>
        <testcase classname="src/utils/get-initials.unit.test.ts" name="getInitials &gt; возвращает первые буквы двух слов для полного ФИО" time="0.000896153">
        </testcase>
        <testcase classname="src/utils/get-initials.unit.test.ts" name="getInitials &gt; игнорирует лишние пробелы между словами" time="0.000723184">
        </testcase>
    </testsuite>
    <testsuite name="src/utils/http-error.unit.test.ts" timestamp="2026-08-26T13:06:43.584Z" hostname="279e15c1a819" tests="8" failures="0" errors="0" skipped="0" time="0.024570806">
        <testcase classname="src/utils/http-error.unit.test.ts" name="getHttpErrorStatus &gt; возвращает статус из cause" time="0.008777221">
        </testcase>
        <testcase classname="src/utils/http-error.unit.test.ts" name="getHttpErrorStatus &gt; возвращает undefined для ошибки без cause" time="0.001361701">
        </testcase>
        <testcase classname="src/utils/http-error.unit.test.ts" name="getHttpErrorStatus &gt; возвращает undefined для значения, не являющегося Error" time="0.000852875">
        </testcase>
        <testcase classname="src/utils/http-error.unit.test.ts" name="isHttpError &gt; возвращает true при совпадении статуса" time="0.000843698">
        </testcase>
        <testcase classname="src/utils/http-error.unit.test.ts" name="isHttpError &gt; возвращает false при несовпадении статуса" time="0.000749315">
        </testcase>
        <testcase classname="src/utils/http-error.unit.test.ts" name="проверки конкретных статусов &gt; isUnauthorizedError реагирует только на 401" time="0.002690844">
        </testcase>
        <testcase classname="src/utils/http-error.unit.test.ts" name="проверки конкретных статусов &gt; isForbiddenError реагирует только на 403" time="0.00125745">
        </testcase>
        <testcase classname="src/utils/http-error.unit.test.ts" name="проверки конкретных статусов &gt; isNotFoundError реагирует только на 404" time="0.000674745">
        </testcase>
    </testsuite>
    <testsuite name="packages/api/base/mock-scenarios.unit.test.ts" timestamp="2026-08-26T13:06:43.611Z" hostname="279e15c1a819" tests="1" failures="0" errors="0" skipped="0" time="0.013767328">
        <testcase classname="packages/api/base/mock-scenarios.unit.test.ts" name="base API mock scenarios &gt; возвращает undefined для незамоканных путей" time="0.007037398">
        </testcase>
    </testsuite>
    <testsuite name="packages/api/base/search-params.unit.test.ts" timestamp="2026-08-26T13:06:43.615Z" hostname="279e15c1a819" tests="2" failures="0" errors="0" skipped="0" time="0.017632667">
        <testcase classname="packages/api/base/search-params.unit.test.ts" name="serializeSearchParams &gt; сериализует массивы повторяющимися query params" time="0.008206732">
        </testcase>
        <testcase classname="packages/api/base/search-params.unit.test.ts" name="serializeSearchParams &gt; пропускает undefined и сериализует null строкой null" time="0.001725829">
        </testcase>
    </testsuite>
    <testsuite name="app/(private)/lib/status-labels.unit.test.ts" timestamp="2026-08-26T13:06:43.624Z" hostname="279e15c1a819" tests="3" failures="0" errors="0" skipped="0" time="0.021466551">
        <testcase classname="app/(private)/lib/status-labels.unit.test.ts" name="getCorrectionStatusLabel &gt; возвращает текст и тон для каждого статуса корректировки" time="0.011163676">
        </testcase>
        <testcase classname="app/(private)/lib/status-labels.unit.test.ts" name="getCfoStatusLabel &gt; возвращает текст и тон для каждого статуса ЦФО" time="0.00170436">
        </testcase>
        <testcase classname="app/(private)/lib/status-labels.unit.test.ts" name="getRemarkStatusLabel &gt; возвращает текст и тон для каждого статуса замечания" time="0.001232461">
        </testcase>
    </testsuite>
    <testsuite name="app/(private)/corrections/[humanId]/lib/permissions.unit.test.ts" timestamp="2026-08-26T13:06:43.631Z" hostname="279e15c1a819" tests="31" failures="0" errors="0" skipped="0" time="0.045031534">
        <testcase classname="app/(private)/corrections/[humanId]/lib/permissions.unit.test.ts" name="canUploadSlotFile &gt; разрешает загрузку филиалу-автору до финального согласования" time="0.008449714">
        </testcase>
        <testcase classname="app/(private)/corrections/[humanId]/lib/permissions.unit.test.ts" name="canUploadSlotFile &gt; запрещает загрузку после APPROVED_BY_DTOE" time="0.002118919">
        </testcase>
        <testcase classname="app/(private)/corrections/[humanId]/lib/permissions.unit.test.ts" name="canUploadSlotFile &gt; запрещает загрузку не филиалу-автору" time="0.001100745">
        </testcase>
        <testcase classname="app/(private)/corrections/[humanId]/lib/permissions.unit.test.ts" name="canSendForReview &gt; разрешает направление, когда все обязательные слоты заполнены" time="0.000939362">
        </testcase>
        <testcase classname="app/(private)/corrections/[humanId]/lib/permissions.unit.test.ts" name="canSendForReview &gt; запрещает направление при незаполненных обязательных слотах" time="0.001150407">
        </testcase>
        <testcase classname="app/(private)/corrections/[humanId]/lib/permissions.unit.test.ts" name="canSendForReview &gt; запрещает направление не из статуса DRAFT" time="0.001060425">
        </testcase>
        <testcase classname="app/(private)/corrections/[humanId]/lib/permissions.unit.test.ts" name="canApproveAsCfo / canLeaveRemarkAsCfo &gt; разрешает согласование/оставление замечания, пока статус ЦФО PENDING" time="0.001579991">
        </testcase>
        <testcase classname="app/(private)/corrections/[humanId]/lib/permissions.unit.test.ts" name="canApproveAsCfo / canLeaveRemarkAsCfo &gt; запрещает повторное согласование, если статус ЦФО уже APPROVED" time="0.000730088">
        </testcase>
        <testcase classname="app/(private)/corrections/[humanId]/lib/permissions.unit.test.ts" name="canApproveAsCfo / canLeaveRemarkAsCfo &gt; запрещает оставление замечания, если статус ЦФО уже RETURNED" time="0.001023894">
        </testcase>
        <testcase classname="app/(private)/corrections/[humanId]/lib/permissions.unit.test.ts" name="canFinalizeReturnAsCfo &gt; запрещает финализировать возврат, пока не оставлено ни одного замечания" time="0.000973057">
        </testcase>
        <testcase classname="app/(private)/corrections/[humanId]/lib/permissions.unit.test.ts" name="canFinalizeReturnAsCfo &gt; разрешает финализировать возврат, когда этот ЦФО оставил открытое замечание" time="0.001503181">
        </testcase>
        <testcase classname="app/(private)/corrections/[humanId]/lib/permissions.unit.test.ts" name="canFinalizeReturnAsCfo &gt; игнорирует замечания других ЦФО" time="0.000826497">
        </testcase>
        <testcase classname="app/(private)/corrections/[humanId]/lib/permissions.unit.test.ts" name="canSendToDtoe &gt; разрешает направление в ДТОиР любому согласовавшему ЦФО, когда статус ALL_CFO_APPROVED" time="0.000561438">
        </testcase>
        <testcase classname="app/(private)/corrections/[humanId]/lib/permissions.unit.test.ts" name="canSendToDtoe &gt; запрещает направление в ДТОиР, пока не все обязательные ЦФО согласовали" time="0.00058011">
        </testcase>
        <testcase classname="app/(private)/corrections/[humanId]/lib/permissions.unit.test.ts" name="canApproveAsDtoe / canLeaveRemarkAsDtoe &gt; разрешает финальное согласование/оставление замечания только в UNDER_DTOE_REVIEW" time="0.000470682">
        </testcase>
        <testcase classname="app/(private)/corrections/[humanId]/lib/permissions.unit.test.ts" name="canApproveAsDtoe / canLeaveRemarkAsDtoe &gt; запрещает вне UNDER_DTOE_REVIEW" time="0.000907402">
        </testcase>
        <testcase classname="app/(private)/corrections/[humanId]/lib/permissions.unit.test.ts" name="canFinalizeReturnAsDtoe &gt; запрещает финализировать возврат, пока не оставлено ни одного замечания ДТОиР" time="0.00151587">
        </testcase>
        <testcase classname="app/(private)/corrections/[humanId]/lib/permissions.unit.test.ts" name="canFinalizeReturnAsDtoe &gt; разрешает финализировать возврат, когда ДТОиР оставил открытое замечание" time="0.001479935">
        </testcase>
        <testcase classname="app/(private)/corrections/[humanId]/lib/permissions.unit.test.ts" name="canFinalizeReturnAsDtoe &gt; игнорирует замечания от ЦФО (cfoId не null)" time="0.000589894">
        </testcase>
        <testcase classname="app/(private)/corrections/[humanId]/lib/permissions.unit.test.ts" name="showResubmitPanel / canResubmit &gt; скрывает блок, если ни один ЦФО не возвращал пакет" time="0.000639251">
        </testcase>
        <testcase classname="app/(private)/corrections/[humanId]/lib/permissions.unit.test.ts" name="showResubmitPanel / canResubmit &gt; показывает блок, если есть вернувшие ЦФО" time="0.000422936">
        </testcase>
        <testcase classname="app/(private)/corrections/[humanId]/lib/permissions.unit.test.ts" name="showResubmitPanel / canResubmit &gt; запрещает перенаправление без выбранного ЦФО" time="0.000485336">
        </testcase>
        <testcase classname="app/(private)/corrections/[humanId]/lib/permissions.unit.test.ts" name="showResubmitPanel / canResubmit &gt; запрещает перенаправление, пока остались открытые замечания выбранного ЦФО" time="0.000536773">
        </testcase>
        <testcase classname="app/(private)/corrections/[humanId]/lib/permissions.unit.test.ts" name="showResubmitPanel / canResubmit &gt; разрешает перенаправление, когда все замечания выбранного ЦФО исправлены" time="0.000459543">
        </testcase>
        <testcase classname="app/(private)/corrections/[humanId]/lib/permissions.unit.test.ts" name="canResubmitToDtoe &gt; запрещает, пока остались открытые замечания ДТОиР" time="0.000771759">
        </testcase>
        <testcase classname="app/(private)/corrections/[humanId]/lib/permissions.unit.test.ts" name="canResubmitToDtoe &gt; разрешает, когда все замечания ДТОиР исправлены" time="0.000515558">
        </testcase>
        <testcase classname="app/(private)/corrections/[humanId]/lib/permissions.unit.test.ts" name="canMarkRemarkFixed &gt; разрешает филиалу-автору отметить OPEN-замечание исправленным" time="0.000579282">
        </testcase>
        <testcase classname="app/(private)/corrections/[humanId]/lib/permissions.unit.test.ts" name="canMarkRemarkFixed &gt; запрещает для замечания в статусе CLOSED" time="0.000374073">
        </testcase>
        <testcase classname="app/(private)/corrections/[humanId]/lib/permissions.unit.test.ts" name="canDeleteRemark &gt; разрешает автору удалить собственное открытое замечание" time="0.000454506">
        </testcase>
        <testcase classname="app/(private)/corrections/[humanId]/lib/permissions.unit.test.ts" name="canDeleteRemark &gt; запрещает удаление чужого замечания" time="0.000328318">
        </testcase>
        <testcase classname="app/(private)/corrections/[humanId]/lib/permissions.unit.test.ts" name="canDeleteRemark &gt; запрещает удаление замечания не в статусе OPEN" time="0.000788491">
        </testcase>
    </testsuite>
    <testsuite name="app/(private)/components/access-denied-screen.component.test.tsx" timestamp="2026-08-26T13:06:43.727Z" hostname="279e15c1a819" tests="0" failures="0" errors="0" skipped="0" time="0">
    </testsuite>
    <testsuite name="src/test/setup-browser.component.test.ts" timestamp="2026-08-26T13:06:43.729Z" hostname="279e15c1a819" tests="0" failures="0" errors="0" skipped="0" time="0">
    </testsuite>
    <testsuite name="app/(public)/components/login-form.component.test.tsx" timestamp="2026-08-26T13:06:43.731Z" hostname="279e15c1a819" tests="0" failures="0" errors="0" skipped="0" time="0">
    </testsuite>
    <testsuite name="src/components/sidebar-nav/sidebar-nav.component.test.tsx" timestamp="2026-08-26T13:06:43.733Z" hostname="279e15c1a819" tests="0" failures="0" errors="0" skipped="0" time="0">
    </testsuite>
    <testsuite name="src/components/error-boundary/error-boundary.component.test.tsx" timestamp="2026-08-26T13:06:43.735Z" hostname="279e15c1a819" tests="0" failures="0" errors="0" skipped="0" time="0">
    </testsuite>
    <testsuite name="src/components/notification-bell/notification-bell.component.test.tsx" timestamp="2026-08-26T13:06:43.741Z" hostname="279e15c1a819" tests="0" failures="0" errors="0" skipped="0" time="0">
    </testsuite>
    <testsuite name="src/components/ui/table/table.component.test.tsx" timestamp="2026-08-26T13:06:43.745Z" hostname="279e15c1a819" tests="0" failures="0" errors="0" skipped="0" time="0">
    </testsuite>
    <testsuite name="app/(private)/notifications/components/notifications-content.component.test.tsx" timestamp="2026-08-26T13:06:43.747Z" hostname="279e15c1a819" tests="0" failures="0" errors="0" skipped="0" time="0">
    </testsuite>
    <testsuite name="app/(private)/notifications/components/notifications-table.component.test.tsx" timestamp="2026-08-26T13:06:43.749Z" hostname="279e15c1a819" tests="0" failures="0" errors="0" skipped="0" time="0">
    </testsuite>
    <testsuite name="src/components/section-placeholder/section-placeholder.component.test.tsx" timestamp="2026-08-26T13:06:43.751Z" hostname="279e15c1a819" tests="0" failures="0" errors="0" skipped="0" time="0">
    </testsuite>
    <testsuite name="src/components/ui/dialog/dialog.component.test.tsx" timestamp="2026-08-26T13:06:43.760Z" hostname="279e15c1a819" tests="0" failures="0" errors="0" skipped="0" time="0">
    </testsuite>
    <testsuite name="src/components/ui/data-table/data-table.component.test.tsx" timestamp="2026-08-26T13:06:43.765Z" hostname="279e15c1a819" tests="0" failures="0" errors="0" skipped="0" time="0">
    </testsuite>
    <testsuite name="app/(private)/corrections/[humanId]/components/cfo-statuses.component.test.tsx" timestamp="2026-08-26T13:06:43.768Z" hostname="279e15c1a819" tests="0" failures="0" errors="0" skipped="0" time="0">
    </testsuite>
    <testsuite name="app/(private)/corrections/[humanId]/components/correction-detail-view.component.test.tsx" timestamp="2026-08-26T13:06:43.775Z" hostname="279e15c1a819" tests="0" failures="0" errors="0" skipped="0" time="0">
    </testsuite>
    <testsuite name="app/(private)/corrections/[humanId]/components/correction-header.component.test.tsx" timestamp="2026-08-26T13:06:43.779Z" hostname="279e15c1a819" tests="0" failures="0" errors="0" skipped="0" time="0">
    </testsuite>
    <testsuite name="app/(private)/corrections/[humanId]/components/history-log.component.test.tsx" timestamp="2026-08-26T13:06:43.782Z" hostname="279e15c1a819" tests="0" failures="0" errors="0" skipped="0" time="0">
    </testsuite>
    <testsuite name="app/(private)/corrections/[humanId]/components/package-completeness.component.test.tsx" timestamp="2026-08-26T13:06:43.785Z" hostname="279e15c1a819" tests="0" failures="0" errors="0" skipped="0" time="0">
    </testsuite>
    <testsuite name="app/(private)/corrections/[humanId]/components/resubmit-panel.component.test.tsx" timestamp="2026-08-26T13:06:43.791Z" hostname="279e15c1a819" tests="0" failures="0" errors="0" skipped="0" time="0">
    </testsuite>
    <testsuite name="app/(private)/corrections/[humanId]/components/return-remark-dialog.component.test.tsx" timestamp="2026-08-26T13:06:43.794Z" hostname="279e15c1a819" tests="0" failures="0" errors="0" skipped="0" time="0">
    </testsuite>
    <testsuite name="app/(private)/corrections/[humanId]/components/send-for-review-form.component.test.tsx" timestamp="2026-08-26T13:06:43.796Z" hostname="279e15c1a819" tests="0" failures="0" errors="0" skipped="0" time="0">
    </testsuite>
    <testsuite name="src/components/ui/badge/badge.component.test.tsx" timestamp="2026-08-26T13:06:43.799Z" hostname="279e15c1a819" tests="0" failures="0" errors="0" skipped="0" time="0">
    </testsuite>
    <testsuite name="app/(private)/corrections/[humanId]/components/remarks-list/remarks-list.component.test.tsx" timestamp="2026-08-26T13:06:43.801Z" hostname="279e15c1a819" tests="0" failures="0" errors="0" skipped="0" time="0">
    </testsuite>
</testsuites>
